#
# There is insufficient memory for the Java Runtime Environment to continue.
# Native memory allocation (malloc) failed to allocate 1048576 bytes for AllocateHeap
# Possible reasons:
#   The system is out of physical RAM or swap space
#   In 32 bit mode, the process size limit was hit
# Possible solutions:
#   Reduce memory load on the system
#   Increase physical memory or swap space
#   Check if swap backing store is full
#   Use 64 bit Java on a 64 bit OS
#   Decrease Java heap size (-Xmx/-Xms)
#   Decrease number of Java threads
#   Decrease Java thread stack sizes (-Xss)
#   Set larger code cache with -XX:ReservedCodeCacheSize=
# This output file may be truncated or incomplete.
#
#  Out of Memory Error (memory/allocation.inline.hpp:61), pid=12308, tid=0x000000000000282c
#
# JRE version:  (8.0_191-b12) (build )
# Java VM: Java HotSpot(TM) 64-Bit Server VM (25.191-b12 mixed mode windows-amd64 compressed oops)
# Failed to write core dump. Minidumps are not enabled by default on client versions of Windows
#

---------------  T H R E A D  ---------------

Current thread (0x00000000019fe000):  JavaThread "Unknown thread" [_thread_in_vm, id=10284, stack(0x0000000003240000,0x0000000003340000)]

Stack: [0x0000000003240000,0x0000000003340000]
[error occurred during error reporting (printing stack bounds), id 0xc0000005]

Native frames: (J=compiled Java code, j=interpreted, Vv=VM code, C=native code)


---------------  P R O C E S S  ---------------

Java Threads: ( => current thread )

Other Threads:

=>0x00000000019fe000 (exited) JavaThread "Unknown thread" [_thread_in_vm, id=10284, stack(0x0000000003240000,0x0000000003340000)]

VM state:not at safepoint (normal execution)

VM Mutex/Monitor currently owned by a thread: None

Heap:
 PSYoungGen      total 18944K, used 327K [0x00000000eb400000, 0x00000000ec900000, 0x0000000100000000)
  eden space 16384K, 2% used [0x00000000eb400000,0x00000000eb451ec8,0x00000000ec400000)
  from space 2560K, 0% used [0x00000000ec680000,0x00000000ec680000,0x00000000ec900000)
  to   space 2560K, 0% used [0x00000000ec400000,0x00000000ec400000,0x00000000ec680000)
 ParOldGen       total 44032K, used 0K [0x00000000c1c00000, 0x00000000c4700000, 0x00000000eb400000)
  object space 44032K, 0% used [0x00000000c1c00000,0x00000000c1c00000,0x00000000c4700000)
 Metaspace       used 751K, capacity 4480K, committed 4480K, reserved 1056768K
  class space    used 76K, capacity 384K, committed 384K, reserved 1048576K

Card table byte_map: [0x0000000012800000,0x0000000012a00000] byte_map_base: 0x00000000121f2000

Marking Bits: (ParMarkBitMap*) 0x0000000065433e30
 Begin Bits: [0x0000000012f50000, 0x0000000013ee0000)
 End Bits:   [0x0000000013ee0000, 0x0000000014e70000)

Polling page: 0x00000000019e0000

CodeCache: size=245760Kb used=328Kb max_used=328Kb free=245431Kb
 bounds [0x0000000003440000, 0x00000000036b0000, 0x0000000012440000]
 total_blobs=58 nmethods=0 adapters=38
 compilation: enabled

Compilation events (0 events):
No events

GC Heap History (0 events):
No events

Deoptimization events (0 events):
No events

Classes redefined (0 events):
No events

Internal exceptions (0 events):
No events

Events (10 events):
Event: 0.040 loading class java/lang/Short
Event: 0.040 loading class java/lang/Short done
Event: 0.040 loading class java/lang/Integer
Event: 0.040 loading class java/lang/Integer done
Event: 0.040 loading class java/lang/Long
Event: 0.041 loading class java/lang/Long done
Event: 0.041 loading class java/lang/NullPointerException
Event: 0.041 loading class java/lang/NullPointerException done
Event: 0.041 loading class java/lang/ArithmeticException
Event: 0.041 loading class java/lang/ArithmeticException done


Dynamic libraries:
0x00007ff66bff0000 - 0x00007ff66c027000 	C:\Program Files\Java\jre1.8.0_191\bin\javaw.exe
0x00007ffe16030000 - 0x00007ffe16211000 	C:\WINDOWS\SYSTEM32\ntdll.dll
0x00007ffe152e0000 - 0x00007ffe15392000 	C:\WINDOWS\System32\KERNEL32.DLL
0x00007ffe12760000 - 0x00007ffe129d3000 	C:\WINDOWS\System32\KERNELBASE.dll
0x00007ffe13490000 - 0x00007ffe13531000 	C:\WINDOWS\System32\ADVAPI32.dll
0x00007ffe156e0000 - 0x00007ffe1577e000 	C:\WINDOWS\System32\msvcrt.dll
0x00007ffe13640000 - 0x00007ffe1369b000 	C:\WINDOWS\System32\sechost.dll
0x00007ffe15410000 - 0x00007ffe15534000 	C:\WINDOWS\System32\RPCRT4.dll
0x00007ffe13a80000 - 0x00007ffe13c10000 	C:\WINDOWS\System32\USER32.dll
0x00007ffe123d0000 - 0x00007ffe123f0000 	C:\WINDOWS\System32\win32u.dll
0x00007ffe13610000 - 0x00007ffe13638000 	C:\WINDOWS\System32\GDI32.dll
0x00007ffe131f0000 - 0x00007ffe13382000 	C:\WINDOWS\System32\gdi32full.dll
0x00007ffe133f0000 - 0x00007ffe1348f000 	C:\WINDOWS\System32\msvcp_win.dll
0x00007ffe125e0000 - 0x00007ffe126da000 	C:\WINDOWS\System32\ucrtbase.dll
0x00007ffdfbb70000 - 0x00007ffdfbdd9000 	C:\WINDOWS\WinSxS\amd64_microsoft.windows.common-controls_6595b64144ccf1df_6.0.17134.407_none_fb449d63306391e9\COMCTL32.dll
0x00007ffe15780000 - 0x00007ffe15aa2000 	C:\WINDOWS\System32\combase.dll
0x00007ffe126e0000 - 0x00007ffe1275a000 	C:\WINDOWS\System32\bcryptPrimitives.dll
0x00007ffe152b0000 - 0x00007ffe152dd000 	C:\WINDOWS\System32\IMM32.DLL
0x0000000064a40000 - 0x0000000064b12000 	C:\Program Files\Java\jre1.8.0_191\bin\msvcr100.dll
0x0000000064c10000 - 0x00000000654b4000 	C:\Program Files\Java\jre1.8.0_191\bin\server\jvm.dll
0x00007ffe152a0000 - 0x00007ffe152a8000 	C:\WINDOWS\System32\PSAPI.DLL
0x00007ffe0f080000 - 0x00007ffe0f0a3000 	C:\WINDOWS\SYSTEM32\WINMM.dll
0x00007ffe11490000 - 0x00007ffe1149a000 	C:\WINDOWS\SYSTEM32\VERSION.dll
0x00007ffe0f050000 - 0x00007ffe0f07a000 	C:\WINDOWS\SYSTEM32\WINMMBASE.dll
0x00007ffe131a0000 - 0x00007ffe131e9000 	C:\WINDOWS\System32\cfgmgr32.dll
0x00007ffe02930000 - 0x00007ffe02939000 	C:\WINDOWS\SYSTEM32\WSOCK32.dll
0x00007ffe153a0000 - 0x00007ffe1540c000 	C:\WINDOWS\System32\WS2_32.dll
0x0000000064c00000 - 0x0000000064c0f000 	C:\Program Files\Java\jre1.8.0_191\bin\verify.dll
0x0000000064bd0000 - 0x0000000064bf9000 	C:\Program Files\Java\jre1.8.0_191\bin\java.dll
0x0000000064bb0000 - 0x0000000064bc6000 	C:\Program Files\Java\jre1.8.0_191\bin\zip.dll

VM Arguments:
jvm_args: -Dfile.encoding=Cp1252 
java_command: br.leo.faeterj.compras.Main
java_class_path (initial): C:\Users\Leo\git\repository\IST - Exercios e Provas\bin
Launcher Type: SUN_STANDARD

Environment Variables:
PATH=C:/Program Files/Java/jre1.8.0_191/bin/server;C:/Program Files/Java/jre1.8.0_191/bin;C:/Program Files/Java/jre1.8.0_191/lib/amd64;C:\Program Files (x86)\Common Files\Oracle\Java\javapath;C:\Program Files (x86)\Intel\iCLS Client\;C:\Program Files\Intel\iCLS Client\;C:\WINDOWS\system32;C:\WINDOWS;C:\WINDOWS\System32\Wbem;C:\WINDOWS\System32\WindowsPowerShell\v1.0\;c:\Program Files (x86)\ATI Technologies\ATI.ACE\Core-Static;C:\Program Files\Intel\Intel(R) Management Engine Components\DAL;C:\Program Files\Intel\Intel(R) Management Engine Components\IPT;C:\Program Files (x86)\Intel\Intel(R) Management Engine Components\DAL;C:\Program Files (x86)\Intel\Intel(R) Management Engine Components\IPT;C:\Program Files (x86)\Intel\OpenCL SDK\3.0\bin\x86;C:\Program Files (x86)\Intel\OpenCL SDK\3.0\bin\x64;C:\WINDOWS\System32\OpenSSH\;C:\Program Files\Git\cmd;C:\Program Files\Intel\WiFi\bin\;C:\Program Files\Common Files\Intel\WirelessCommon\;C:\Users\Leo\AppData\Local\Microsoft\WindowsApps;;C:\Users\Leo\Desktop;
USERNAME=Leo
OS=Windows_NT
PROCESSOR_IDENTIFIER=Intel64 Family 6 Model 69 Stepping 1, GenuineIntel



---------------  S Y S T E M  ---------------

OS: Windows 10.0 , 64 bit Build 17134 (10.0.17134.1)

CPU:total 4 (initial active 4) (2 cores per cpu, 2 threads per core) family 6 model 69 stepping 1, cmov, cx8, fxsr, mmx, sse, sse2, sse3, ssse3, sse4.1, sse4.2, popcnt, avx, avx2, aes, clmul, erms, lzcnt, ht, tsc, tscinvbit, bmi1, bmi2

Memory: 4k page, physical 4072556k(898184k free), swap 5121132k(5252k free)

vm_info: Java HotSpot(TM) 64-Bit Server VM (25.191-b12) for windows-amd64 JRE (1.8.0_191-b12), built on Oct  6 2018 09:29:03 by "java_re" with MS VC++ 10.0 (VS2010)

time: Wed Dec 05 02:35:19 2018
elapsed time: 0 seconds (0d 0h 0m 0s)

